<?xml version="1.0" encoding="UTF-8"?>
<!-- Generated by org.testng.reporters.JUnitReportReporter -->
<testsuite skipped="0" hostname="X" name="test.Practice" tests="2" failures="0" timestamp="22 Jan 2018 19:15:19 GMT" time="0.033" errors="0">
  <testcase name="Demo2" time="0.010" classname="test.Practice"/>
  <testcase name="Demo" time="0.023" classname="test.Practice"/>
</testsuite> <!-- test.Practice -->
