<?xml version="1.0" encoding="UTF-8"?>
<!-- Generated by org.testng.reporters.JUnitReportReporter -->
<testsuite skipped="0" hostname="X" name="test.ThirdPractice" tests="2" failures="0" timestamp="22 Jan 2018 19:15:19 GMT" time="0.004" errors="0">
  <testcase name="WebLoginCarLoan" time="0.003" classname="test.ThirdPractice"/>
  <testcase name="LoginAPICarLoan" time="0.001" classname="test.ThirdPractice"/>
</testsuite> <!-- test.ThirdPractice -->
