<?xml version="1.0" encoding="UTF-8"?>
<!-- Generated by org.testng.reporters.JUnitReportReporter -->
<testsuite skipped="0" hostname="X" name="test.SecondPractice" tests="1" failures="0" timestamp="22 Jan 2018 19:19:34 GMT" time="0.002" errors="0">
  <testcase name="personalLoan" time="0.002" classname="test.SecondPractice"/>
</testsuite> <!-- test.SecondPractice -->
