<?xml version="1.0" encoding="UTF-8"?>
<!-- Generated by org.testng.reporters.JUnitReportReporter -->
<testsuite skipped="0" hostname="X" name="test.SecondPractice" tests="1" failures="0" timestamp="22 Jan 2018 21:55:36 GMT" time="0.001" errors="0">
  <testcase name="personalLoan" time="0.001" classname="test.SecondPractice"/>
</testsuite> <!-- test.SecondPractice -->
