<?xml version="1.0" encoding="UTF-8"?>
<!-- Generated by org.testng.reporters.JUnitReportReporter -->
<testsuite skipped="0" hostname="X" name="test.Practice" tests="2" failures="0" timestamp="22 Jan 2018 03:25:34 GMT" time="0.018" errors="0">
  <testcase name="Demo" time="0.016" classname="test.Practice"/>
  <testcase name="Demo2" time="0.002" classname="test.Practice"/>
</testsuite> <!-- test.Practice -->
