<?xml version="1.0" encoding="UTF-8"?>
<!-- Generated by org.testng.reporters.JUnitReportReporter -->
<testsuite skipped="0" hostname="X" name="test.Practice" tests="1" failures="0" timestamp="22 Jan 2018 22:18:02 GMT" time="0.007" errors="0">
  <testcase name="Demo" time="0.007" classname="test.Practice"/>
</testsuite> <!-- test.Practice -->
