<?xml version="1.0" encoding="UTF-8"?>
<!-- Generated by org.testng.reporters.JUnitReportReporter -->
<testsuite skipped="0" hostname="X" name="test.ThirdPractice" tests="4" failures="0" timestamp="22 Jan 2018 19:59:42 GMT" time="0.007" errors="0">
  <testcase name="MobileSignUpCarLoan" time="0.002" classname="test.ThirdPractice"/>
  <testcase name="WebLoginCarLoan" time="0.001" classname="test.ThirdPractice"/>
  <testcase name="MobileLoginCarLoan" time="0.002" classname="test.ThirdPractice"/>
  <testcase name="LoginAPICarLoan" time="0.002" classname="test.ThirdPractice"/>
</testsuite> <!-- test.ThirdPractice -->
