<?xml version="1.0" encoding="UTF-8"?>
<!-- Generated by org.testng.reporters.JUnitReportReporter -->
<testsuite skipped="0" hostname="X" name="test.FourthPractice" tests="3" failures="0" timestamp="22 Jan 2018 22:18:02 GMT" time="0.012" errors="0">
  <testcase name="WebLoginHouseLoan" time="0.001" classname="test.FourthPractice"/>
  <testcase name="LoginAPICarLoan" time="0.001" classname="test.FourthPractice"/>
  <testcase name="MobileLoginCarLoan" time="0.010" classname="test.FourthPractice"/>
</testsuite> <!-- test.FourthPractice -->
